DEPRECATION WARNING: Static attributes will be removed in FactoryBot 5.0. Please use dynamic
attributes instead by wrapping the attribute value in a block:

id { "1" }

To automatically update from static attributes to dynamic ones,
install rubocop-rspec and run:

rubocop \
  --require rubocop-rspec \
  --only FactoryBot/AttributeDefinedStatically \
  --auto-correct

. (called from block (2 levels) in <top (required)> at /home/ec2-user/environment/hw-acceptance-unit-test-cycle-1/spec/factories/movie.rb:3)
DEPRECATION WARNING: Static attributes will be removed in FactoryBot 5.0. Please use dynamic
attributes instead by wrapping the attribute value in a block:

title { "Blazing Saddles" }

To automatically update from static attributes to dynamic ones,
install rubocop-rspec and run:

rubocop \
  --require rubocop-rspec \
  --only FactoryBot/AttributeDefinedStatically \
  --auto-correct

. (called from block (2 levels) in <top (required)> at /home/ec2-user/environment/hw-acceptance-unit-test-cycle-1/spec/factories/movie.rb:4)
DEPRECATION WARNING: Static attributes will be removed in FactoryBot 5.0. Please use dynamic
attributes instead by wrapping the attribute value in a block:

rating { "R" }

To automatically update from static attributes to dynamic ones,
install rubocop-rspec and run:

rubocop \
  --require rubocop-rspec \
  --only FactoryBot/AttributeDefinedStatically \
  --auto-correct

. (called from block (2 levels) in <top (required)> at /home/ec2-user/environment/hw-acceptance-unit-test-cycle-1/spec/factories/movie.rb:5)
DEPRECATION WARNING: Static attributes will be removed in FactoryBot 5.0. Please use dynamic
attributes instead by wrapping the attribute value in a block:

release_date { "7/2/1974" }

To automatically update from static attributes to dynamic ones,
install rubocop-rspec and run:

rubocop \
  --require rubocop-rspec \
  --only FactoryBot/AttributeDefinedStatically \
  --auto-correct

. (called from block (2 levels) in <top (required)> at /home/ec2-user/environment/hw-acceptance-unit-test-cycle-1/spec/factories/movie.rb:6)
  [1m[36mActiveRecord::SchemaMigration Load (0.1ms)[0m  [1mSELECT "schema_migrations".* FROM "schema_migrations"[0m
  [1m[35mActiveRecord::SchemaMigration Load (0.1ms)[0m  SELECT "schema_migrations".* FROM "schema_migrations"
DEPRECATION WARNING: Static attributes will be removed in FactoryBot 5.0. Please use dynamic
attributes instead by wrapping the attribute value in a block:

id { "1" }

To automatically update from static attributes to dynamic ones,
install rubocop-rspec and run:

rubocop \
  --require rubocop-rspec \
  --only FactoryBot/AttributeDefinedStatically \
  --auto-correct

. (called from block (2 levels) in <top (required)> at /home/ec2-user/environment/hw-acceptance-unit-test-cycle-1/spec/factories/movie.rb:3)
DEPRECATION WARNING: Static attributes will be removed in FactoryBot 5.0. Please use dynamic
attributes instead by wrapping the attribute value in a block:

title { "Blazing Saddles" }

To automatically update from static attributes to dynamic ones,
install rubocop-rspec and run:

rubocop \
  --require rubocop-rspec \
  --only FactoryBot/AttributeDefinedStatically \
  --auto-correct

. (called from block (2 levels) in <top (required)> at /home/ec2-user/environment/hw-acceptance-unit-test-cycle-1/spec/factories/movie.rb:4)
DEPRECATION WARNING: Static attributes will be removed in FactoryBot 5.0. Please use dynamic
attributes instead by wrapping the attribute value in a block:

rating { "R" }

To automatically update from static attributes to dynamic ones,
install rubocop-rspec and run:

rubocop \
  --require rubocop-rspec \
  --only FactoryBot/AttributeDefinedStatically \
  --auto-correct

. (called from block (2 levels) in <top (required)> at /home/ec2-user/environment/hw-acceptance-unit-test-cycle-1/spec/factories/movie.rb:5)
DEPRECATION WARNING: Static attributes will be removed in FactoryBot 5.0. Please use dynamic
attributes instead by wrapping the attribute value in a block:

release_date { "7/2/1974" }

To automatically update from static attributes to dynamic ones,
install rubocop-rspec and run:

rubocop \
  --require rubocop-rspec \
  --only FactoryBot/AttributeDefinedStatically \
  --auto-correct

. (called from block (2 levels) in <top (required)> at /home/ec2-user/environment/hw-acceptance-unit-test-cycle-1/spec/factories/movie.rb:6)
  [1m[36m (5.5ms)[0m  [1mCREATE TABLE "movies" ("id" INTEGER PRIMARY KEY AUTOINCREMENT NOT NULL, "title" varchar, "rating" varchar, "description" text, "release_date" datetime, "created_at" datetime, "updated_at" datetime, "director" varchar) [0m
  [1m[35m (4.1ms)[0m  CREATE TABLE "schema_migrations" ("version" varchar NOT NULL) 
  [1m[36m (0.1ms)[0m  [1mselect sqlite_version(*)[0m
  [1m[35m (4.3ms)[0m  CREATE UNIQUE INDEX "unique_schema_migrations" ON "schema_migrations" ("version")
  [1m[36m (0.1ms)[0m  [1mSELECT version FROM "schema_migrations"[0m
  [1m[35m (4.1ms)[0m  INSERT INTO "schema_migrations" (version) VALUES ('20181008031147')
  [1m[36m (5.1ms)[0m  [1mINSERT INTO "schema_migrations" (version) VALUES ('20111119180638')[0m
DEPRECATION WARNING: Static attributes will be removed in FactoryBot 5.0. Please use dynamic
attributes instead by wrapping the attribute value in a block:

id { "1" }

To automatically update from static attributes to dynamic ones,
install rubocop-rspec and run:

rubocop \
  --require rubocop-rspec \
  --only FactoryBot/AttributeDefinedStatically \
  --auto-correct

. (called from block (2 levels) in <top (required)> at /home/ec2-user/environment/hw-acceptance-unit-test-cycle-1/spec/factories/movie.rb:3)
DEPRECATION WARNING: Static attributes will be removed in FactoryBot 5.0. Please use dynamic
attributes instead by wrapping the attribute value in a block:

title { "Blazing Saddles" }

To automatically update from static attributes to dynamic ones,
install rubocop-rspec and run:

rubocop \
  --require rubocop-rspec \
  --only FactoryBot/AttributeDefinedStatically \
  --auto-correct

. (called from block (2 levels) in <top (required)> at /home/ec2-user/environment/hw-acceptance-unit-test-cycle-1/spec/factories/movie.rb:4)
DEPRECATION WARNING: Static attributes will be removed in FactoryBot 5.0. Please use dynamic
attributes instead by wrapping the attribute value in a block:

rating { "R" }

To automatically update from static attributes to dynamic ones,
install rubocop-rspec and run:

rubocop \
  --require rubocop-rspec \
  --only FactoryBot/AttributeDefinedStatically \
  --auto-correct

. (called from block (2 levels) in <top (required)> at /home/ec2-user/environment/hw-acceptance-unit-test-cycle-1/spec/factories/movie.rb:5)
DEPRECATION WARNING: Static attributes will be removed in FactoryBot 5.0. Please use dynamic
attributes instead by wrapping the attribute value in a block:

release_date { "7/2/1974" }

To automatically update from static attributes to dynamic ones,
install rubocop-rspec and run:

rubocop \
  --require rubocop-rspec \
  --only FactoryBot/AttributeDefinedStatically \
  --auto-correct

. (called from block (2 levels) in <top (required)> at /home/ec2-user/environment/hw-acceptance-unit-test-cycle-1/spec/factories/movie.rb:6)
  [1m[36m (6.0ms)[0m  [1mCREATE TABLE "movies" ("id" INTEGER PRIMARY KEY AUTOINCREMENT NOT NULL, "title" varchar, "rating" varchar, "description" text, "release_date" datetime, "created_at" datetime, "updated_at" datetime, "director" varchar) [0m
  [1m[35m (5.7ms)[0m  CREATE TABLE "schema_migrations" ("version" varchar NOT NULL) 
  [1m[36m (0.1ms)[0m  [1mselect sqlite_version(*)[0m
  [1m[35m (4.5ms)[0m  CREATE UNIQUE INDEX "unique_schema_migrations" ON "schema_migrations" ("version")
  [1m[36m (0.1ms)[0m  [1mSELECT version FROM "schema_migrations"[0m
  [1m[35m (4.2ms)[0m  INSERT INTO "schema_migrations" (version) VALUES ('20181008031147')
  [1m[36m (4.3ms)[0m  [1mINSERT INTO "schema_migrations" (version) VALUES ('20111119180638')[0m
DEPRECATION WARNING: Static attributes will be removed in FactoryBot 5.0. Please use dynamic
attributes instead by wrapping the attribute value in a block:

id { "1" }

To automatically update from static attributes to dynamic ones,
install rubocop-rspec and run:

rubocop \
  --require rubocop-rspec \
  --only FactoryBot/AttributeDefinedStatically \
  --auto-correct

. (called from block (2 levels) in <top (required)> at /home/ec2-user/environment/hw-acceptance-unit-test-cycle-1/spec/factories/movie.rb:3)
DEPRECATION WARNING: Static attributes will be removed in FactoryBot 5.0. Please use dynamic
attributes instead by wrapping the attribute value in a block:

title { "Blazing Saddles" }

To automatically update from static attributes to dynamic ones,
install rubocop-rspec and run:

rubocop \
  --require rubocop-rspec \
  --only FactoryBot/AttributeDefinedStatically \
  --auto-correct

. (called from block (2 levels) in <top (required)> at /home/ec2-user/environment/hw-acceptance-unit-test-cycle-1/spec/factories/movie.rb:4)
DEPRECATION WARNING: Static attributes will be removed in FactoryBot 5.0. Please use dynamic
attributes instead by wrapping the attribute value in a block:

rating { "R" }

To automatically update from static attributes to dynamic ones,
install rubocop-rspec and run:

rubocop \
  --require rubocop-rspec \
  --only FactoryBot/AttributeDefinedStatically \
  --auto-correct

. (called from block (2 levels) in <top (required)> at /home/ec2-user/environment/hw-acceptance-unit-test-cycle-1/spec/factories/movie.rb:5)
DEPRECATION WARNING: Static attributes will be removed in FactoryBot 5.0. Please use dynamic
attributes instead by wrapping the attribute value in a block:

release_date { "7/2/1974" }

To automatically update from static attributes to dynamic ones,
install rubocop-rspec and run:

rubocop \
  --require rubocop-rspec \
  --only FactoryBot/AttributeDefinedStatically \
  --auto-correct

. (called from block (2 levels) in <top (required)> at /home/ec2-user/environment/hw-acceptance-unit-test-cycle-1/spec/factories/movie.rb:6)
  [1m[36mActiveRecord::SchemaMigration Load (0.1ms)[0m  [1mSELECT "schema_migrations".* FROM "schema_migrations"[0m
  [1m[35mActiveRecord::SchemaMigration Load (0.1ms)[0m  SELECT "schema_migrations".* FROM "schema_migrations"
DEPRECATION WARNING: Static attributes will be removed in FactoryBot 5.0. Please use dynamic
attributes instead by wrapping the attribute value in a block:

id { "1" }

To automatically update from static attributes to dynamic ones,
install rubocop-rspec and run:

rubocop \
  --require rubocop-rspec \
  --only FactoryBot/AttributeDefinedStatically \
  --auto-correct

. (called from block (2 levels) in <top (required)> at /home/ec2-user/environment/hw-acceptance-unit-test-cycle-1/spec/factories/movie.rb:3)
DEPRECATION WARNING: Static attributes will be removed in FactoryBot 5.0. Please use dynamic
attributes instead by wrapping the attribute value in a block:

title { "Blazing Saddles" }

To automatically update from static attributes to dynamic ones,
install rubocop-rspec and run:

rubocop \
  --require rubocop-rspec \
  --only FactoryBot/AttributeDefinedStatically \
  --auto-correct

. (called from block (2 levels) in <top (required)> at /home/ec2-user/environment/hw-acceptance-unit-test-cycle-1/spec/factories/movie.rb:4)
DEPRECATION WARNING: Static attributes will be removed in FactoryBot 5.0. Please use dynamic
attributes instead by wrapping the attribute value in a block:

rating { "R" }

To automatically update from static attributes to dynamic ones,
install rubocop-rspec and run:

rubocop \
  --require rubocop-rspec \
  --only FactoryBot/AttributeDefinedStatically \
  --auto-correct

. (called from block (2 levels) in <top (required)> at /home/ec2-user/environment/hw-acceptance-unit-test-cycle-1/spec/factories/movie.rb:5)
DEPRECATION WARNING: Static attributes will be removed in FactoryBot 5.0. Please use dynamic
attributes instead by wrapping the attribute value in a block:

release_date { "7/2/1974" }

To automatically update from static attributes to dynamic ones,
install rubocop-rspec and run:

rubocop \
  --require rubocop-rspec \
  --only FactoryBot/AttributeDefinedStatically \
  --auto-correct

. (called from block (2 levels) in <top (required)> at /home/ec2-user/environment/hw-acceptance-unit-test-cycle-1/spec/factories/movie.rb:6)
  [1m[36m (6.6ms)[0m  [1mCREATE TABLE "movies" ("id" INTEGER PRIMARY KEY AUTOINCREMENT NOT NULL, "title" varchar, "rating" varchar, "description" text, "release_date" datetime, "created_at" datetime, "updated_at" datetime, "director" varchar) [0m
  [1m[35m (5.6ms)[0m  CREATE TABLE "schema_migrations" ("version" varchar NOT NULL) 
  [1m[36m (0.1ms)[0m  [1mselect sqlite_version(*)[0m
  [1m[35m (5.2ms)[0m  CREATE UNIQUE INDEX "unique_schema_migrations" ON "schema_migrations" ("version")
  [1m[36m (0.1ms)[0m  [1mSELECT version FROM "schema_migrations"[0m
  [1m[35m (4.0ms)[0m  INSERT INTO "schema_migrations" (version) VALUES ('20181008031147')
  [1m[36m (3.9ms)[0m  [1mINSERT INTO "schema_migrations" (version) VALUES ('20111119180638')[0m
DEPRECATION WARNING: Static attributes will be removed in FactoryBot 5.0. Please use dynamic
attributes instead by wrapping the attribute value in a block:

id { "1" }

To automatically update from static attributes to dynamic ones,
install rubocop-rspec and run:

rubocop \
  --require rubocop-rspec \
  --only FactoryBot/AttributeDefinedStatically \
  --auto-correct

. (called from block (2 levels) in <top (required)> at /home/ec2-user/environment/hw-acceptance-unit-test-cycle-1/spec/factories/movie.rb:3)
DEPRECATION WARNING: Static attributes will be removed in FactoryBot 5.0. Please use dynamic
attributes instead by wrapping the attribute value in a block:

title { "Blazing Saddles" }

To automatically update from static attributes to dynamic ones,
install rubocop-rspec and run:

rubocop \
  --require rubocop-rspec \
  --only FactoryBot/AttributeDefinedStatically \
  --auto-correct

. (called from block (2 levels) in <top (required)> at /home/ec2-user/environment/hw-acceptance-unit-test-cycle-1/spec/factories/movie.rb:4)
DEPRECATION WARNING: Static attributes will be removed in FactoryBot 5.0. Please use dynamic
attributes instead by wrapping the attribute value in a block:

rating { "R" }

To automatically update from static attributes to dynamic ones,
install rubocop-rspec and run:

rubocop \
  --require rubocop-rspec \
  --only FactoryBot/AttributeDefinedStatically \
  --auto-correct

. (called from block (2 levels) in <top (required)> at /home/ec2-user/environment/hw-acceptance-unit-test-cycle-1/spec/factories/movie.rb:5)
DEPRECATION WARNING: Static attributes will be removed in FactoryBot 5.0. Please use dynamic
attributes instead by wrapping the attribute value in a block:

release_date { "7/2/1974" }

To automatically update from static attributes to dynamic ones,
install rubocop-rspec and run:

rubocop \
  --require rubocop-rspec \
  --only FactoryBot/AttributeDefinedStatically \
  --auto-correct

. (called from block (2 levels) in <top (required)> at /home/ec2-user/environment/hw-acceptance-unit-test-cycle-1/spec/factories/movie.rb:6)
  [1m[36mActiveRecord::SchemaMigration Load (0.1ms)[0m  [1mSELECT "schema_migrations".* FROM "schema_migrations"[0m
  [1m[35mActiveRecord::SchemaMigration Load (0.1ms)[0m  SELECT "schema_migrations".* FROM "schema_migrations"
DEPRECATION WARNING: Static attributes will be removed in FactoryBot 5.0. Please use dynamic
attributes instead by wrapping the attribute value in a block:

id { "1" }

To automatically update from static attributes to dynamic ones,
install rubocop-rspec and run:

rubocop \
  --require rubocop-rspec \
  --only FactoryBot/AttributeDefinedStatically \
  --auto-correct

. (called from block (2 levels) in <top (required)> at /home/ec2-user/environment/hw-acceptance-unit-test-cycle-1/spec/factories/movie.rb:3)
DEPRECATION WARNING: Static attributes will be removed in FactoryBot 5.0. Please use dynamic
attributes instead by wrapping the attribute value in a block:

title { "Blazing Saddles" }

To automatically update from static attributes to dynamic ones,
install rubocop-rspec and run:

rubocop \
  --require rubocop-rspec \
  --only FactoryBot/AttributeDefinedStatically \
  --auto-correct

. (called from block (2 levels) in <top (required)> at /home/ec2-user/environment/hw-acceptance-unit-test-cycle-1/spec/factories/movie.rb:4)
DEPRECATION WARNING: Static attributes will be removed in FactoryBot 5.0. Please use dynamic
attributes instead by wrapping the attribute value in a block:

rating { "R" }

To automatically update from static attributes to dynamic ones,
install rubocop-rspec and run:

rubocop \
  --require rubocop-rspec \
  --only FactoryBot/AttributeDefinedStatically \
  --auto-correct

. (called from block (2 levels) in <top (required)> at /home/ec2-user/environment/hw-acceptance-unit-test-cycle-1/spec/factories/movie.rb:5)
DEPRECATION WARNING: Static attributes will be removed in FactoryBot 5.0. Please use dynamic
attributes instead by wrapping the attribute value in a block:

release_date { "7/2/1974" }

To automatically update from static attributes to dynamic ones,
install rubocop-rspec and run:

rubocop \
  --require rubocop-rspec \
  --only FactoryBot/AttributeDefinedStatically \
  --auto-correct

. (called from block (2 levels) in <top (required)> at /home/ec2-user/environment/hw-acceptance-unit-test-cycle-1/spec/factories/movie.rb:6)
  [1m[36m (4.5ms)[0m  [1mCREATE TABLE "movies" ("id" INTEGER PRIMARY KEY AUTOINCREMENT NOT NULL, "title" varchar, "rating" varchar, "description" text, "release_date" datetime, "created_at" datetime, "updated_at" datetime, "director" varchar) [0m
  [1m[35m (5.3ms)[0m  CREATE TABLE "schema_migrations" ("version" varchar NOT NULL) 
  [1m[36m (0.1ms)[0m  [1mselect sqlite_version(*)[0m
  [1m[35m (5.4ms)[0m  CREATE UNIQUE INDEX "unique_schema_migrations" ON "schema_migrations" ("version")
  [1m[36m (0.1ms)[0m  [1mSELECT version FROM "schema_migrations"[0m
  [1m[35m (4.1ms)[0m  INSERT INTO "schema_migrations" (version) VALUES ('20181008031147')
  [1m[36m (4.2ms)[0m  [1mINSERT INTO "schema_migrations" (version) VALUES ('20111119180638')[0m
DEPRECATION WARNING: Static attributes will be removed in FactoryBot 5.0. Please use dynamic
attributes instead by wrapping the attribute value in a block:

id { "1" }

To automatically update from static attributes to dynamic ones,
install rubocop-rspec and run:

rubocop \
  --require rubocop-rspec \
  --only FactoryBot/AttributeDefinedStatically \
  --auto-correct

. (called from block (2 levels) in <top (required)> at /home/ec2-user/environment/hw-acceptance-unit-test-cycle-/spec/factories/movie.rb:3)
DEPRECATION WARNING: Static attributes will be removed in FactoryBot 5.0. Please use dynamic
attributes instead by wrapping the attribute value in a block:

title { "Blazing Saddles" }

To automatically update from static attributes to dynamic ones,
install rubocop-rspec and run:

rubocop \
  --require rubocop-rspec \
  --only FactoryBot/AttributeDefinedStatically \
  --auto-correct

. (called from block (2 levels) in <top (required)> at /home/ec2-user/environment/hw-acceptance-unit-test-cycle-/spec/factories/movie.rb:4)
DEPRECATION WARNING: Static attributes will be removed in FactoryBot 5.0. Please use dynamic
attributes instead by wrapping the attribute value in a block:

rating { "R" }

To automatically update from static attributes to dynamic ones,
install rubocop-rspec and run:

rubocop \
  --require rubocop-rspec \
  --only FactoryBot/AttributeDefinedStatically \
  --auto-correct

. (called from block (2 levels) in <top (required)> at /home/ec2-user/environment/hw-acceptance-unit-test-cycle-/spec/factories/movie.rb:5)
DEPRECATION WARNING: Static attributes will be removed in FactoryBot 5.0. Please use dynamic
attributes instead by wrapping the attribute value in a block:

release_date { "7/2/1974" }

To automatically update from static attributes to dynamic ones,
install rubocop-rspec and run:

rubocop \
  --require rubocop-rspec \
  --only FactoryBot/AttributeDefinedStatically \
  --auto-correct

. (called from block (2 levels) in <top (required)> at /home/ec2-user/environment/hw-acceptance-unit-test-cycle-/spec/factories/movie.rb:6)
  [1m[36mActiveRecord::SchemaMigration Load (0.1ms)[0m  [1mSELECT "schema_migrations".* FROM "schema_migrations"[0m
  [1m[35mActiveRecord::SchemaMigration Load (0.1ms)[0m  SELECT "schema_migrations".* FROM "schema_migrations"
DEPRECATION WARNING: Static attributes will be removed in FactoryBot 5.0. Please use dynamic
attributes instead by wrapping the attribute value in a block:

id { "1" }

To automatically update from static attributes to dynamic ones,
install rubocop-rspec and run:

rubocop \
  --require rubocop-rspec \
  --only FactoryBot/AttributeDefinedStatically \
  --auto-correct

. (called from block (2 levels) in <top (required)> at /home/ec2-user/environment/hw-acceptance-unit-test-cycle-/spec/factories/movie.rb:3)
DEPRECATION WARNING: Static attributes will be removed in FactoryBot 5.0. Please use dynamic
attributes instead by wrapping the attribute value in a block:

title { "Blazing Saddles" }

To automatically update from static attributes to dynamic ones,
install rubocop-rspec and run:

rubocop \
  --require rubocop-rspec \
  --only FactoryBot/AttributeDefinedStatically \
  --auto-correct

. (called from block (2 levels) in <top (required)> at /home/ec2-user/environment/hw-acceptance-unit-test-cycle-/spec/factories/movie.rb:4)
DEPRECATION WARNING: Static attributes will be removed in FactoryBot 5.0. Please use dynamic
attributes instead by wrapping the attribute value in a block:

rating { "R" }

To automatically update from static attributes to dynamic ones,
install rubocop-rspec and run:

rubocop \
  --require rubocop-rspec \
  --only FactoryBot/AttributeDefinedStatically \
  --auto-correct

. (called from block (2 levels) in <top (required)> at /home/ec2-user/environment/hw-acceptance-unit-test-cycle-/spec/factories/movie.rb:5)
DEPRECATION WARNING: Static attributes will be removed in FactoryBot 5.0. Please use dynamic
attributes instead by wrapping the attribute value in a block:

release_date { "7/2/1974" }

To automatically update from static attributes to dynamic ones,
install rubocop-rspec and run:

rubocop \
  --require rubocop-rspec \
  --only FactoryBot/AttributeDefinedStatically \
  --auto-correct

. (called from block (2 levels) in <top (required)> at /home/ec2-user/environment/hw-acceptance-unit-test-cycle-/spec/factories/movie.rb:6)
  [1m[36m (6.1ms)[0m  [1mCREATE TABLE "movies" ("id" INTEGER PRIMARY KEY AUTOINCREMENT NOT NULL, "title" varchar, "rating" varchar, "description" text, "release_date" datetime, "created_at" datetime, "updated_at" datetime, "director" varchar) [0m
  [1m[35m (5.2ms)[0m  CREATE TABLE "schema_migrations" ("version" varchar NOT NULL) 
  [1m[36m (0.1ms)[0m  [1mselect sqlite_version(*)[0m
  [1m[35m (4.9ms)[0m  CREATE UNIQUE INDEX "unique_schema_migrations" ON "schema_migrations" ("version")
  [1m[36m (0.1ms)[0m  [1mSELECT version FROM "schema_migrations"[0m
  [1m[35m (5.2ms)[0m  INSERT INTO "schema_migrations" (version) VALUES ('20181008031147')
  [1m[36m (4.4ms)[0m  [1mINSERT INTO "schema_migrations" (version) VALUES ('20111119180638')[0m
DEPRECATION WARNING: Static attributes will be removed in FactoryBot 5.0. Please use dynamic
attributes instead by wrapping the attribute value in a block:

id { "1" }

To automatically update from static attributes to dynamic ones,
install rubocop-rspec and run:

rubocop \
  --require rubocop-rspec \
  --only FactoryBot/AttributeDefinedStatically \
  --auto-correct

. (called from block (2 levels) in <top (required)> at /home/ec2-user/environment/hw-acceptance-unit-test-cycle-/spec/factories/movie.rb:3)
DEPRECATION WARNING: Static attributes will be removed in FactoryBot 5.0. Please use dynamic
attributes instead by wrapping the attribute value in a block:

title { "Blazing Saddles" }

To automatically update from static attributes to dynamic ones,
install rubocop-rspec and run:

rubocop \
  --require rubocop-rspec \
  --only FactoryBot/AttributeDefinedStatically \
  --auto-correct

. (called from block (2 levels) in <top (required)> at /home/ec2-user/environment/hw-acceptance-unit-test-cycle-/spec/factories/movie.rb:4)
DEPRECATION WARNING: Static attributes will be removed in FactoryBot 5.0. Please use dynamic
attributes instead by wrapping the attribute value in a block:

rating { "R" }

To automatically update from static attributes to dynamic ones,
install rubocop-rspec and run:

rubocop \
  --require rubocop-rspec \
  --only FactoryBot/AttributeDefinedStatically \
  --auto-correct

. (called from block (2 levels) in <top (required)> at /home/ec2-user/environment/hw-acceptance-unit-test-cycle-/spec/factories/movie.rb:5)
DEPRECATION WARNING: Static attributes will be removed in FactoryBot 5.0. Please use dynamic
attributes instead by wrapping the attribute value in a block:

release_date { "7/2/1974" }

To automatically update from static attributes to dynamic ones,
install rubocop-rspec and run:

rubocop \
  --require rubocop-rspec \
  --only FactoryBot/AttributeDefinedStatically \
  --auto-correct

. (called from block (2 levels) in <top (required)> at /home/ec2-user/environment/hw-acceptance-unit-test-cycle-/spec/factories/movie.rb:6)
DEPRECATION WARNING: Static attributes will be removed in FactoryBot 5.0. Please use dynamic
attributes instead by wrapping the attribute value in a block:

id { "1" }

To automatically update from static attributes to dynamic ones,
install rubocop-rspec and run:

rubocop \
  --require rubocop-rspec \
  --only FactoryBot/AttributeDefinedStatically \
  --auto-correct

. (called from block (2 levels) in <top (required)> at /home/ec2-user/environment/hw-acceptance-unit-test-cycle-/spec/factories/movie.rb:3)
DEPRECATION WARNING: Static attributes will be removed in FactoryBot 5.0. Please use dynamic
attributes instead by wrapping the attribute value in a block:

title { "Blazing Saddles" }

To automatically update from static attributes to dynamic ones,
install rubocop-rspec and run:

rubocop \
  --require rubocop-rspec \
  --only FactoryBot/AttributeDefinedStatically \
  --auto-correct

. (called from block (2 levels) in <top (required)> at /home/ec2-user/environment/hw-acceptance-unit-test-cycle-/spec/factories/movie.rb:4)
DEPRECATION WARNING: Static attributes will be removed in FactoryBot 5.0. Please use dynamic
attributes instead by wrapping the attribute value in a block:

rating { "R" }

To automatically update from static attributes to dynamic ones,
install rubocop-rspec and run:

rubocop \
  --require rubocop-rspec \
  --only FactoryBot/AttributeDefinedStatically \
  --auto-correct

. (called from block (2 levels) in <top (required)> at /home/ec2-user/environment/hw-acceptance-unit-test-cycle-/spec/factories/movie.rb:5)
DEPRECATION WARNING: Static attributes will be removed in FactoryBot 5.0. Please use dynamic
attributes instead by wrapping the attribute value in a block:

release_date { "7/2/1974" }

To automatically update from static attributes to dynamic ones,
install rubocop-rspec and run:

rubocop \
  --require rubocop-rspec \
  --only FactoryBot/AttributeDefinedStatically \
  --auto-correct

. (called from block (2 levels) in <top (required)> at /home/ec2-user/environment/hw-acceptance-unit-test-cycle-/spec/factories/movie.rb:6)
DEPRECATION WARNING: Static attributes will be removed in FactoryBot 5.0. Please use dynamic
attributes instead by wrapping the attribute value in a block:

id { "1" }

To automatically update from static attributes to dynamic ones,
install rubocop-rspec and run:

rubocop \
  --require rubocop-rspec \
  --only FactoryBot/AttributeDefinedStatically \
  --auto-correct

. (called from block (2 levels) in <top (required)> at /home/ec2-user/environment/hw-acceptance-unit-test-cycle-/spec/factories/movie.rb:3)
DEPRECATION WARNING: Static attributes will be removed in FactoryBot 5.0. Please use dynamic
attributes instead by wrapping the attribute value in a block:

title { "Blazing Saddles" }

To automatically update from static attributes to dynamic ones,
install rubocop-rspec and run:

rubocop \
  --require rubocop-rspec \
  --only FactoryBot/AttributeDefinedStatically \
  --auto-correct

. (called from block (2 levels) in <top (required)> at /home/ec2-user/environment/hw-acceptance-unit-test-cycle-/spec/factories/movie.rb:4)
DEPRECATION WARNING: Static attributes will be removed in FactoryBot 5.0. Please use dynamic
attributes instead by wrapping the attribute value in a block:

rating { "R" }

To automatically update from static attributes to dynamic ones,
install rubocop-rspec and run:

rubocop \
  --require rubocop-rspec \
  --only FactoryBot/AttributeDefinedStatically \
  --auto-correct

. (called from block (2 levels) in <top (required)> at /home/ec2-user/environment/hw-acceptance-unit-test-cycle-/spec/factories/movie.rb:5)
DEPRECATION WARNING: Static attributes will be removed in FactoryBot 5.0. Please use dynamic
attributes instead by wrapping the attribute value in a block:

release_date { "7/2/1974" }

To automatically update from static attributes to dynamic ones,
install rubocop-rspec and run:

rubocop \
  --require rubocop-rspec \
  --only FactoryBot/AttributeDefinedStatically \
  --auto-correct

. (called from block (2 levels) in <top (required)> at /home/ec2-user/environment/hw-acceptance-unit-test-cycle-/spec/factories/movie.rb:6)
  [1m[36mActiveRecord::SchemaMigration Load (0.1ms)[0m  [1mSELECT "schema_migrations".* FROM "schema_migrations"[0m
  [1m[35mActiveRecord::SchemaMigration Load (0.1ms)[0m  SELECT "schema_migrations".* FROM "schema_migrations"
DEPRECATION WARNING: Static attributes will be removed in FactoryBot 5.0. Please use dynamic
attributes instead by wrapping the attribute value in a block:

id { "1" }

To automatically update from static attributes to dynamic ones,
install rubocop-rspec and run:

rubocop \
  --require rubocop-rspec \
  --only FactoryBot/AttributeDefinedStatically \
  --auto-correct

. (called from block (2 levels) in <top (required)> at /home/ec2-user/environment/hw-acceptance-unit-test-cycle-/spec/factories/movie.rb:3)
DEPRECATION WARNING: Static attributes will be removed in FactoryBot 5.0. Please use dynamic
attributes instead by wrapping the attribute value in a block:

title { "Blazing Saddles" }

To automatically update from static attributes to dynamic ones,
install rubocop-rspec and run:

rubocop \
  --require rubocop-rspec \
  --only FactoryBot/AttributeDefinedStatically \
  --auto-correct

. (called from block (2 levels) in <top (required)> at /home/ec2-user/environment/hw-acceptance-unit-test-cycle-/spec/factories/movie.rb:4)
DEPRECATION WARNING: Static attributes will be removed in FactoryBot 5.0. Please use dynamic
attributes instead by wrapping the attribute value in a block:

rating { "R" }

To automatically update from static attributes to dynamic ones,
install rubocop-rspec and run:

rubocop \
  --require rubocop-rspec \
  --only FactoryBot/AttributeDefinedStatically \
  --auto-correct

. (called from block (2 levels) in <top (required)> at /home/ec2-user/environment/hw-acceptance-unit-test-cycle-/spec/factories/movie.rb:5)
DEPRECATION WARNING: Static attributes will be removed in FactoryBot 5.0. Please use dynamic
attributes instead by wrapping the attribute value in a block:

release_date { "7/2/1974" }

To automatically update from static attributes to dynamic ones,
install rubocop-rspec and run:

rubocop \
  --require rubocop-rspec \
  --only FactoryBot/AttributeDefinedStatically \
  --auto-correct

. (called from block (2 levels) in <top (required)> at /home/ec2-user/environment/hw-acceptance-unit-test-cycle-/spec/factories/movie.rb:6)
  [1m[36m (4.4ms)[0m  [1mCREATE TABLE "movies" ("id" INTEGER PRIMARY KEY AUTOINCREMENT NOT NULL, "title" varchar, "rating" varchar, "description" text, "release_date" datetime, "created_at" datetime, "updated_at" datetime, "director" varchar) [0m
  [1m[35m (4.5ms)[0m  CREATE TABLE "schema_migrations" ("version" varchar NOT NULL) 
  [1m[36m (0.1ms)[0m  [1mselect sqlite_version(*)[0m
  [1m[35m (4.6ms)[0m  CREATE UNIQUE INDEX "unique_schema_migrations" ON "schema_migrations" ("version")
  [1m[36m (0.1ms)[0m  [1mSELECT version FROM "schema_migrations"[0m
  [1m[35m (5.2ms)[0m  INSERT INTO "schema_migrations" (version) VALUES ('20181008031147')
  [1m[36m (4.1ms)[0m  [1mINSERT INTO "schema_migrations" (version) VALUES ('20111119180638')[0m
